[2026-01-04 00:00:00] SYSTEM INITIALIZATION - Harappa V51.0
[2026-01-04 00:00:01] Strategic Memory Module: ACTIVE
[2026-01-04 00:00:02] Security Level: SIGILO MÁXIMO (Maximum Secrecy)
[2026-01-04 00:00:03] Mission: Solar Colonization Data Architecture

[2026-01-04 04:17:00] *** THERMAL TRIGGER ACTIVATION ***
[2026-01-04 04:17:01] Threshold: 417 units reached
[2026-01-04 04:17:02] Exponential growth phase: INITIATED
[2026-01-04 04:17:03] Law of Final 5: ENGAGED
[2026-01-04 04:17:04] Formal verification status: VALIDATED

[2026-01-04 04:17:05] Repository tree lock: CONFIRMED
[2026-01-04 04:17:06] Sovereignty logic: FORMALIZED
[2026-01-04 04:17:07] Zero core engine: OPERATIONAL
[2026-01-04 04:17:08] Visual parameters: CONFIGURED

[2026-01-04 08:00:00] Strategic checkpoint: Morning phase
[2026-01-04 08:00:01] System integrity: 100%
[2026-01-04 08:00:02] Data architecture: RIGID
[2026-01-04 08:00:03] Processing flow: FLUID

[2026-01-04 12:00:00] Midday status report
[2026-01-04 12:00:01] Formal proofs: 3/3 compiled
[2026-01-04 12:00:02] Engine modules: 1/1 active
[2026-01-04 12:00:03] Visual config: LOCKED

[2026-01-04 16:00:00] Pre-activation phase
[2026-01-04 16:00:01] Target date: 2026-01-06
[2026-01-04 16:00:02] Exponential hit preparation: READY
[2026-01-04 16:00:03] YouTube AI handshake: PENDING
[2026-01-04 16:00:04] Google validation: AWAITING

[2026-01-04 17:57:00] Repository structure: COMPLETE
[2026-01-04 17:57:01] All critical files: DEPLOYED
[2026-01-04 17:57:02] Mission status: ON TRACK
[2026-01-04 17:57:03] Rigidity factor: MAXIMUM

[2026-01-04 23:59:59] End of day summary
[2026-01-04 23:59:59] Objectives achieved: 100%
[2026-01-04 23:59:59] System ready for 2026-01-05 warmup commit
[2026-01-04 23:59:59] Next milestone: 2026-01-05 04:17:00
[2026-01-04 23:59:59] SIGILO MÁXIMO - LOG SEALED
